Fri Apr 06 18:38:38 EDT 2018: 	 class org.jsoup.HttpStatusException: HTTP error fetching URL: http://amazon.com
Fri Apr 06 18:38:43 EDT 2018: 	 class org.jsoup.HttpStatusException: HTTP error fetching URL: http://reddit.com
Fri Apr 06 18:38:51 EDT 2018: 	 class org.jsoup.HttpStatusException: HTTP error fetching URL: http://ntd.tv
Fri Apr 06 18:38:56 EDT 2018: 	 class java.net.SocketTimeoutException: connect timed out: http://microsoftonline.com
Fri Apr 06 18:39:01 EDT 2018: 	 class java.net.SocketTimeoutException: connect timed out: http://imdb.com
Wed Apr 11 09:58:34 EDT 2018: 	 class org.jsoup.HttpStatusException: HTTP error fetching URL: http://amazon.com
Wed Apr 11 09:58:37 EDT 2018: 	 class org.jsoup.HttpStatusException: HTTP error fetching URL: http://reddit.com
Wed Apr 11 09:58:42 EDT 2018: 	 class org.jsoup.HttpStatusException: HTTP error fetching URL: http://ntd.tv
Wed Apr 11 09:58:50 EDT 2018: 	 class java.net.SocketTimeoutException: connect timed out: http://microsoftonline.com
Wed Apr 11 10:04:09 EDT 2018: 	 class org.jsoup.HttpStatusException: HTTP error fetching URL: http://amazon.com
Wed Apr 11 10:04:13 EDT 2018: 	 class org.jsoup.HttpStatusException: HTTP error fetching URL: http://reddit.com
Wed Apr 11 10:04:19 EDT 2018: 	 class org.jsoup.HttpStatusException: HTTP error fetching URL: http://ntd.tv
Wed Apr 11 10:04:24 EDT 2018: 	 class java.net.SocketTimeoutException: connect timed out: http://microsoftonline.com
Wed Apr 11 10:09:52 EDT 2018: 	 class org.jsoup.HttpStatusException: HTTP error fetching URL: http://amazon.com
Wed Apr 11 10:09:55 EDT 2018: 	 class org.jsoup.HttpStatusException: HTTP error fetching URL: http://reddit.com
Wed Apr 11 10:10:02 EDT 2018: 	 class org.jsoup.HttpStatusException: HTTP error fetching URL: http://ntd.tv
Wed Apr 11 10:10:09 EDT 2018: 	 class java.net.SocketTimeoutException: connect timed out: http://microsoftonline.com
Wed Apr 11 10:29:07 EDT 2018: 	 class org.jsoup.HttpStatusException: HTTP error fetching URL: http://amazon.com
Wed Apr 11 10:29:08 EDT 2018: 	 class org.jsoup.HttpStatusException: HTTP error fetching URL: http://reddit.com
Wed Apr 11 10:29:14 EDT 2018: 	 class org.jsoup.HttpStatusException: HTTP error fetching URL: http://ntd.tv
Wed Apr 11 10:29:20 EDT 2018: 	 class java.net.SocketTimeoutException: connect timed out: http://microsoftonline.com
Wed Apr 11 10:41:31 EDT 2018: 	 class org.jsoup.HttpStatusException: HTTP error fetching URL: http://amazon.com
Wed Apr 11 10:41:32 EDT 2018: 	 class org.jsoup.HttpStatusException: HTTP error fetching URL: http://reddit.com
Wed Apr 11 10:41:38 EDT 2018: 	 class org.jsoup.HttpStatusException: HTTP error fetching URL: http://ntd.tv
Wed Apr 11 10:41:43 EDT 2018: 	 class java.net.SocketTimeoutException: connect timed out: http://microsoftonline.com
Wed Apr 11 10:48:34 EDT 2018: 	 class org.jsoup.HttpStatusException: HTTP error fetching URL: http://amazon.com
Wed Apr 11 10:48:37 EDT 2018: 	 class org.jsoup.HttpStatusException: HTTP error fetching URL: http://reddit.com
Wed Apr 11 10:48:43 EDT 2018: 	 class org.jsoup.HttpStatusException: HTTP error fetching URL: http://ntd.tv
Wed Apr 11 10:48:50 EDT 2018: 	 class java.net.SocketTimeoutException: connect timed out: http://microsoftonline.com
Wed Apr 11 15:08:51 EDT 2018: 	 class org.jsoup.HttpStatusException: HTTP error fetching URL: http://amazon.com
Wed Apr 11 15:08:59 EDT 2018: 	 class org.jsoup.HttpStatusException: HTTP error fetching URL: http://reddit.com
Wed Apr 11 15:09:11 EDT 2018: 	 class org.jsoup.HttpStatusException: HTTP error fetching URL: http://ntd.tv
Wed Apr 11 15:09:18 EDT 2018: 	 class java.net.SocketTimeoutException: connect timed out: http://microsoftonline.com
Wed Apr 11 15:16:28 EDT 2018: 	 class org.jsoup.HttpStatusException: HTTP error fetching URL: http://amazon.com
Wed Apr 11 15:16:32 EDT 2018: 	 class org.jsoup.HttpStatusException: HTTP error fetching URL: http://reddit.com
Wed Apr 11 15:16:43 EDT 2018: 	 class org.jsoup.HttpStatusException: HTTP error fetching URL: http://ntd.tv
Wed Apr 11 15:16:49 EDT 2018: 	 class java.net.SocketTimeoutException: connect timed out: http://microsoftonline.com
Wed Apr 11 15:20:53 EDT 2018: 	 class org.jsoup.HttpStatusException: HTTP error fetching URL: http://amazon.com
Wed Apr 11 15:20:59 EDT 2018: 	 class org.jsoup.HttpStatusException: HTTP error fetching URL: http://reddit.com
Wed Apr 11 15:21:08 EDT 2018: 	 class org.jsoup.HttpStatusException: HTTP error fetching URL: http://ntd.tv
Wed Apr 11 15:21:15 EDT 2018: 	 class java.net.SocketTimeoutException: connect timed out: http://microsoftonline.com
Wed Apr 11 15:21:37 EDT 2018: 	 class java.net.SocketTimeoutException: connect timed out: http://huffingtonpost.com
Wed Apr 11 15:23:20 EDT 2018: 	 class org.jsoup.HttpStatusException: HTTP error fetching URL: http://amazon.com
Wed Apr 11 15:23:24 EDT 2018: 	 class java.net.SocketTimeoutException: Read timed out: http://reddit.com
Wed Apr 11 15:23:37 EDT 2018: 	 class org.jsoup.HttpStatusException: HTTP error fetching URL: http://ntd.tv
Wed Apr 11 15:23:44 EDT 2018: 	 class java.net.SocketTimeoutException: connect timed out: http://microsoftonline.com
Wed Apr 11 15:26:31 EDT 2018: 	 class org.jsoup.HttpStatusException: HTTP error fetching URL: http://amazon.com
Wed Apr 11 15:26:34 EDT 2018: 	 class org.jsoup.HttpStatusException: HTTP error fetching URL: http://reddit.com
Wed Apr 11 15:26:41 EDT 2018: 	 class org.jsoup.HttpStatusException: HTTP error fetching URL: http://ntd.tv
Wed Apr 11 15:26:46 EDT 2018: 	 class java.net.SocketTimeoutException: connect timed out: http://microsoftonline.com
Wed Apr 11 15:27:03 EDT 2018: 	 class java.net.SocketTimeoutException: Read timed out: http://intuit.com
Wed Apr 11 15:31:28 EDT 2018: 	 class org.jsoup.HttpStatusException: HTTP error fetching URL: http://amazon.com
Wed Apr 11 15:31:33 EDT 2018: 	 class java.net.SocketTimeoutException: Read timed out: http://reddit.com
Wed Apr 11 15:31:41 EDT 2018: 	 class org.jsoup.HttpStatusException: HTTP error fetching URL: http://ntd.tv
Wed Apr 11 15:31:46 EDT 2018: 	 class java.net.SocketTimeoutException: connect timed out: http://microsoftonline.com
Thu Apr 12 00:42:58 EDT 2018: 	 class org.jsoup.HttpStatusException: HTTP error fetching URL: http://amazon.com
Thu Apr 12 00:43:03 EDT 2018: 	 class org.jsoup.HttpStatusException: HTTP error fetching URL: http://reddit.com
Thu Apr 12 00:43:08 EDT 2018: 	 class org.jsoup.HttpStatusException: HTTP error fetching URL: http://ntd.tv
Thu Apr 12 00:43:15 EDT 2018: 	 class java.net.SocketTimeoutException: connect timed out: http://microsoftonline.com
Thu Apr 12 00:43:34 EDT 2018: 	 class org.jsoup.HttpStatusException: HTTP error fetching URL: http://www.google.com/language_tools?hl=en&authuser=0
Thu Apr 12 00:46:15 EDT 2018: 	 class org.jsoup.HttpStatusException: HTTP error fetching URL: http://amazon.com
Thu Apr 12 00:46:17 EDT 2018: 	 class org.jsoup.HttpStatusException: HTTP error fetching URL: http://reddit.com
Thu Apr 12 00:46:25 EDT 2018: 	 class org.jsoup.HttpStatusException: HTTP error fetching URL: http://ntd.tv
Thu Apr 12 00:46:30 EDT 2018: 	 class java.net.SocketTimeoutException: connect timed out: http://microsoftonline.com
Thu Apr 12 00:46:45 EDT 2018: 	 class org.jsoup.HttpStatusException: HTTP error fetching URL: http://huffingtonpost.com
Thu Apr 12 00:46:48 EDT 2018: 	 class org.jsoup.HttpStatusException: HTTP error fetching URL: http://www.google.com/language_tools?hl=en&authuser=0
Thu Apr 12 00:46:59 EDT 2018: 	 class java.net.SocketTimeoutException: connect timed out: http://www.youtube.com/?gl=US&tab=w1
Thu Apr 12 00:50:01 EDT 2018: 	 class org.jsoup.HttpStatusException: HTTP error fetching URL: https://www.facebook.com/allactivity?privacy_source=activity_log_top_menu
Thu Apr 12 00:54:11 EDT 2018: 	 class org.jsoup.HttpStatusException: HTTP error fetching URL: http://amazon.com
Thu Apr 12 00:54:14 EDT 2018: 	 class org.jsoup.HttpStatusException: HTTP error fetching URL: http://reddit.com
Thu Apr 12 00:54:22 EDT 2018: 	 class java.net.SocketTimeoutException: connect timed out: http://craigslist.org
Thu Apr 12 00:54:23 EDT 2018: 	 class org.jsoup.HttpStatusException: HTTP error fetching URL: http://ntd.tv
Thu Apr 12 00:54:28 EDT 2018: 	 class java.net.SocketTimeoutException: connect timed out: http://microsoftonline.com
Thu Apr 12 00:54:46 EDT 2018: 	 class org.jsoup.HttpStatusException: HTTP error fetching URL: http://www.google.com/language_tools?hl=en&authuser=0
Thu Apr 12 00:55:09 EDT 2018: 	 class org.jsoup.HttpStatusException: HTTP error fetching URL: https://www.linkedin.com/directory/people-l
Thu Apr 12 00:55:11 EDT 2018: 	 class org.jsoup.HttpStatusException: HTTP error fetching URL: https://www.linkedin.com/directory/people-c
Thu Apr 12 00:56:03 EDT 2018: 	 class org.jsoup.HttpStatusException: HTTP error fetching URL: http://www.reddit.com/submit?url=http%3A%2F%2Ffandom.wikia.com%2Fcurated%2Fjohn-krasinski-plans-sci-fi-thriller-life-on-mars-with-quiet-place-team-exclusive
Thu Apr 12 00:56:18 EDT 2018: 	 class org.jsoup.HttpStatusException: HTTP error fetching URL: https://www.huffingtonpost.com/static/contact-us
Thu Apr 12 00:59:45 EDT 2018: 	 class org.jsoup.HttpStatusException: HTTP error fetching URL: http://amazon.com
Thu Apr 12 00:59:49 EDT 2018: 	 class org.jsoup.HttpStatusException: HTTP error fetching URL: http://reddit.com
Thu Apr 12 00:59:57 EDT 2018: 	 class org.jsoup.HttpStatusException: HTTP error fetching URL: http://ntd.tv
Thu Apr 12 01:00:01 EDT 2018: 	 class java.net.SocketTimeoutException: connect timed out: http://microsoftonline.com
Thu Apr 12 01:00:18 EDT 2018: 	 class org.jsoup.HttpStatusException: HTTP error fetching URL: http://www.google.com/language_tools?hl=en&authuser=0
Thu Apr 12 01:00:31 EDT 2018: 	 class java.net.SocketTimeoutException: connect timed out: https://www.youtube.com/watch?v=VCmxhoAmnFE
Thu Apr 12 01:00:38 EDT 2018: 	 class org.jsoup.HttpStatusException: HTTP error fetching URL: https://www.facebook.com/allactivity?privacy_source=activity_log_top_menu
Thu Apr 12 01:01:06 EDT 2018: 	 class java.net.SocketTimeoutException: Read timed out: http://www.ebay.co.th
Thu Apr 12 01:01:13 EDT 2018: 	 class org.jsoup.HttpStatusException: HTTP error fetching URL: https://www.linkedin.com/directory/people-l
Thu Apr 12 01:01:14 EDT 2018: 	 class org.jsoup.HttpStatusException: HTTP error fetching URL: https://www.linkedin.com/directory/people-c
Thu Apr 12 01:01:14 EDT 2018: 	 class org.jsoup.HttpStatusException: HTTP error fetching URL: https://www.linkedin.com/directory/people-r
Thu Apr 12 01:01:16 EDT 2018: 	 class org.jsoup.HttpStatusException: HTTP error fetching URL: https://www.linkedin.com/directory/people-w
Thu Apr 12 01:01:16 EDT 2018: 	 class org.jsoup.HttpStatusException: HTTP error fetching URL: https://www.linkedin.com/salary/?trk=uno-reg-guest-home-salary
Thu Apr 12 01:01:26 EDT 2018: 	 class java.net.SocketTimeoutException: Read timed out: http://ir.netflix.com/
Thu Apr 12 01:02:38 EDT 2018: 	 class org.jsoup.HttpStatusException: HTTP error fetching URL: https://www.imdb.com/offsite/?page-action=offsite-slashfilm&token=BCYnoUdF0V2zkE-0-a507eglVU7oE24W-X47DQF_e3i1gSOuaTodAt5lw92fBe6Zz8wazSnFmtcp%0D%0ATVkksYUYE8Li8fPrhOYlXEoGXZXUHED8TMBijMSRk44DTnjrcCiJSCJ0WsMq1qU44yokWs0rpejW%0D%0Ah3VaSEyIbWZ7huGq8lOjmm1bmVmDCNgkdUDIsbfxPoiA%0D%0A&pf_rd_m=A2FGELUUNOQJNL&pf_rd_p=73ff69c3-cf0f-4468-ab90-5a2ea2639a0b&pf_rd_r=K0CGS2MXHWS7597FTE1F&pf_rd_s=center-6&pf_rd_t=15061&pf_rd_i=homepage&ref_=hm_nw_tv3_src
Thu Apr 12 01:03:17 EDT 2018: 	 class org.jsoup.HttpStatusException: HTTP error fetching URL: http://www.reddit.com/submit?url=http%3A%2F%2Ffandom.wikia.com%2Fcurated%2Fjohn-krasinski-plans-sci-fi-thriller-life-on-mars-with-quiet-place-team-exclusive
Thu Apr 12 01:03:22 EDT 2018: 	 class org.jsoup.HttpStatusException: HTTP error fetching URL: http://www.reddit.com/submit?url=http%3A%2F%2Ffandom.wikia.com%2Fcurated%2Ffandom-on-twitter-198
Thu Apr 12 01:03:32 EDT 2018: 	 class org.jsoup.HttpStatusException: HTTP error fetching URL: http://www.linkedin.com/company/salesforce
Thu Apr 12 01:04:53 EDT 2018: 	 class org.jsoup.HttpStatusException: HTTP error fetching URL: http://amazon.com
Thu Apr 12 01:04:54 EDT 2018: 	 class org.jsoup.HttpStatusException: HTTP error fetching URL: http://reddit.com
Thu Apr 12 01:05:02 EDT 2018: 	 class org.jsoup.HttpStatusException: HTTP error fetching URL: http://ntd.tv
Thu Apr 12 01:05:08 EDT 2018: 	 class java.net.SocketTimeoutException: connect timed out: http://microsoftonline.com
Thu Apr 12 01:05:27 EDT 2018: 	 class org.jsoup.HttpStatusException: HTTP error fetching URL: http://www.google.com/language_tools?hl=en&authuser=0
Thu Apr 12 01:05:46 EDT 2018: 	 class org.jsoup.HttpStatusException: HTTP error fetching URL: https://www.facebook.com/allactivity?privacy_source=activity_log_top_menu
Thu Apr 12 01:06:16 EDT 2018: 	 class java.net.SocketTimeoutException: Read timed out: http://www.ebay.co.th
Thu Apr 12 01:06:21 EDT 2018: 	 class org.jsoup.HttpStatusException: HTTP error fetching URL: https://www.linkedin.com/directory/people-l
Thu Apr 12 01:06:23 EDT 2018: 	 class org.jsoup.HttpStatusException: HTTP error fetching URL: https://www.linkedin.com/directory/people-c
Thu Apr 12 01:06:24 EDT 2018: 	 class org.jsoup.HttpStatusException: HTTP error fetching URL: https://www.linkedin.com/directory/people-r
Thu Apr 12 01:06:24 EDT 2018: 	 class org.jsoup.HttpStatusException: HTTP error fetching URL: https://www.linkedin.com/directory/people-w
Thu Apr 12 01:06:25 EDT 2018: 	 class org.jsoup.HttpStatusException: HTTP error fetching URL: https://www.linkedin.com/salary/?trk=uno-reg-guest-home-salary
Thu Apr 12 01:06:46 EDT 2018: 	 class java.net.SocketTimeoutException: Read timed out: http://craigslist.org
Thu Apr 12 01:11:15 EDT 2018: 	 class org.jsoup.HttpStatusException: HTTP error fetching URL: http://amazon.com
Thu Apr 12 01:11:20 EDT 2018: 	 class java.net.SocketTimeoutException: Read timed out: http://reddit.com
Thu Apr 12 01:11:27 EDT 2018: 	 class org.jsoup.HttpStatusException: HTTP error fetching URL: http://ntd.tv
Thu Apr 12 01:11:31 EDT 2018: 	 class java.net.SocketTimeoutException: connect timed out: http://microsoftonline.com
Thu Apr 12 01:11:50 EDT 2018: 	 class org.jsoup.HttpStatusException: HTTP error fetching URL: http://www.google.com/language_tools?hl=en&authuser=0
Thu Apr 12 01:12:08 EDT 2018: 	 class org.jsoup.HttpStatusException: HTTP error fetching URL: https://www.facebook.com/allactivity?privacy_source=activity_log_top_menu
Thu Apr 12 01:12:34 EDT 2018: 	 class java.net.SocketTimeoutException: Read timed out: http://www.ebay.co.th
Thu Apr 12 01:12:37 EDT 2018: 	 class org.jsoup.HttpStatusException: HTTP error fetching URL: https://www.linkedin.com/directory/people-l
Thu Apr 12 01:12:37 EDT 2018: 	 class org.jsoup.HttpStatusException: HTTP error fetching URL: https://www.linkedin.com/directory/people-c
Thu Apr 12 01:12:38 EDT 2018: 	 class org.jsoup.HttpStatusException: HTTP error fetching URL: https://www.linkedin.com/directory/people-r
Thu Apr 12 01:12:39 EDT 2018: 	 class org.jsoup.HttpStatusException: HTTP error fetching URL: https://www.linkedin.com/directory/people-w
Thu Apr 12 01:12:39 EDT 2018: 	 class org.jsoup.HttpStatusException: HTTP error fetching URL: https://www.linkedin.com/salary/?trk=uno-reg-guest-home-salary
Thu Apr 12 01:14:25 EDT 2018: 	 class java.net.SocketTimeoutException: Read timed out: http://www.msn.com/en-us/autos/nissan/
Thu Apr 12 01:14:43 EDT 2018: 	 class org.jsoup.HttpStatusException: HTTP error fetching URL: http://www.reddit.com/submit?url=http%3A%2F%2Ffandom.wikia.com%2Fcurated%2Fjohn-krasinski-plans-sci-fi-thriller-life-on-mars-with-quiet-place-team-exclusive
Thu Apr 12 01:14:48 EDT 2018: 	 class org.jsoup.HttpStatusException: HTTP error fetching URL: http://www.reddit.com/submit?url=http%3A%2F%2Ffandom.wikia.com%2Fcurated%2Ffandom-on-twitter-198
Thu Apr 12 01:15:01 EDT 2018: 	 class java.net.SocketTimeoutException: Read timed out: https://www.salesforce.com/campaigns/lightning/
Thu Apr 12 01:15:05 EDT 2018: 	 class org.jsoup.HttpStatusException: HTTP error fetching URL: http://www.linkedin.com/company/salesforce
Thu Apr 12 01:15:36 EDT 2018: 	 class org.jsoup.HttpStatusException: HTTP error fetching URL: https://www.huffingtonpost.com/section/celebrity
Thu Apr 12 01:15:38 EDT 2018: 	 class org.jsoup.HttpStatusException: HTTP error fetching URL: http://www.huffingtonpost.gr?country=GR
Thu Apr 12 01:15:39 EDT 2018: 	 class org.jsoup.HttpStatusException: HTTP error fetching URL: https://www.huffingtonpost.com/section/world-news
Thu Apr 12 01:15:40 EDT 2018: 	 class org.jsoup.HttpStatusException: HTTP error fetching URL: https://www.huffingtonpost.com/author/roque-planas
Thu Apr 12 01:16:07 EDT 2018: 	 class org.jsoup.HttpStatusException: HTTP error fetching URL: https://www.linkedin.com/company/instructure-inc-
Thu Apr 12 01:21:56 EDT 2018: 	 class org.jsoup.HttpStatusException: HTTP error fetching URL: http://amazon.com
Thu Apr 12 01:21:58 EDT 2018: 	 class org.jsoup.HttpStatusException: HTTP error fetching URL: http://reddit.com
Thu Apr 12 01:22:06 EDT 2018: 	 class org.jsoup.HttpStatusException: HTTP error fetching URL: http://ntd.tv
Thu Apr 12 01:22:11 EDT 2018: 	 class java.net.SocketTimeoutException: connect timed out: http://microsoftonline.com
Thu Apr 12 01:22:30 EDT 2018: 	 class org.jsoup.HttpStatusException: HTTP error fetching URL: http://www.google.com/language_tools?hl=en&authuser=0
Thu Apr 12 01:22:55 EDT 2018: 	 class java.net.SocketTimeoutException: Read timed out: http://www.ebay.co.th
Thu Apr 12 01:22:55 EDT 2018: 	 class org.jsoup.HttpStatusException: HTTP error fetching URL: https://www.linkedin.com/directory/people-l
Thu Apr 12 01:22:55 EDT 2018: 	 class org.jsoup.HttpStatusException: HTTP error fetching URL: https://www.linkedin.com/directory/people-c
Thu Apr 12 01:22:56 EDT 2018: 	 class org.jsoup.HttpStatusException: HTTP error fetching URL: https://www.linkedin.com/directory/people-r
Thu Apr 12 01:23:17 EDT 2018: 	 class java.net.SocketTimeoutException: Read timed out: https://www.facebook.com/cnn
Thu Apr 12 01:23:57 EDT 2018: 	 class org.jsoup.HttpStatusException: HTTP error fetching URL: http://www.reddit.com/submit?url=http%3A%2F%2Ffandom.wikia.com%2Fcurated%2Fjohn-krasinski-plans-sci-fi-thriller-life-on-mars-with-quiet-place-team-exclusive
Thu Apr 12 01:24:04 EDT 2018: 	 class java.net.SocketTimeoutException: Read timed out: https://secure.bankofamerica.com/secure-mycommunications/public/appointments/?marketingCode=HPINV_ECBBA_A3000
Thu Apr 12 01:24:21 EDT 2018: 	 class org.jsoup.HttpStatusException: HTTP error fetching URL: https://www.huffingtonpost.com/section/celebrity
Thu Apr 12 01:24:21 EDT 2018: 	 class org.jsoup.HttpStatusException: HTTP error fetching URL: https://www.huffingtonpost.com/static/contact-us
Thu Apr 12 01:24:22 EDT 2018: 	 class org.jsoup.HttpStatusException: HTTP error fetching URL: http://www.huffingtonpost.gr?country=GR
Thu Apr 12 01:24:22 EDT 2018: 	 class org.jsoup.HttpStatusException: HTTP error fetching URL: https://www.huffingtonpost.com/entry/sen-chuck-grassley-wants-vote-on-bill-to-protect-special-counsel_us_5ace2a68e4b0701783aa5dfc
Thu Apr 12 01:30:45 EDT 2018: 	 class org.jsoup.HttpStatusException: HTTP error fetching URL: http://amazon.com
Thu Apr 12 01:30:50 EDT 2018: 	 class java.net.SocketTimeoutException: Read timed out: http://reddit.com
Thu Apr 12 01:30:57 EDT 2018: 	 class org.jsoup.HttpStatusException: HTTP error fetching URL: http://ntd.tv
Thu Apr 12 01:31:02 EDT 2018: 	 class java.net.SocketTimeoutException: connect timed out: http://microsoftonline.com
Thu Apr 12 01:31:17 EDT 2018: 	 class org.jsoup.HttpStatusException: HTTP error fetching URL: http://www.google.com/language_tools?hl=en&authuser=0
Thu Apr 12 01:31:28 EDT 2018: 	 class org.jsoup.HttpStatusException: HTTP error fetching URL: https://www.linkedin.com/directory/people-l
Thu Apr 12 01:31:28 EDT 2018: 	 class org.jsoup.HttpStatusException: HTTP error fetching URL: https://www.linkedin.com/directory/people-c
Thu Apr 12 01:31:36 EDT 2018: 	 class java.net.SocketTimeoutException: Read timed out: https://www.facebook.com/diply/
Thu Apr 12 01:32:02 EDT 2018: 	 class java.net.SocketTimeoutException: Read timed out: http://www.outlook.com/
Thu Apr 12 01:32:12 EDT 2018: 	 class java.net.SocketTimeoutException: Read timed out: http://www.reddit.com/submit?url=http%3A%2F%2Ffandom.wikia.com%2Fcurated%2Fjohn-krasinski-plans-sci-fi-thriller-life-on-mars-with-quiet-place-team-exclusive
Thu Apr 12 01:32:24 EDT 2018: 	 class org.jsoup.HttpStatusException: HTTP error fetching URL: https://www.huffingtonpost.com/section/celebrity
Thu Apr 12 01:32:24 EDT 2018: 	 class org.jsoup.HttpStatusException: HTTP error fetching URL: https://www.huffingtonpost.com/static/contact-us
